2023-05-26 19:10:12,393 - INFO - Beginning execution of dms2_fracsurvive in directory /fh/fast/bloom_j/computational_notebooks/ceradfor/2023/HIV_Broad_Human_Sera_MAP

2023-05-26 19:10:12,393 - INFO - Progress is being logged to ./results/fracsurviving/IDC0337-6000ug-rep1v2b.log
2023-05-26 19:10:12,397 - INFO - Version information:
	Time and date: Fri May 26 19:10:12 2023
	Platform: Linux-4.15.0-192-generic-x86_64-with-debian-buster-sid
	Python version: 3.7.8 | packaged by conda-forge | (default, Jul 31 2020, 02:25:08)  [GCC 7.5.0]
	dms_tools2 version: 2.6.7
	Bio version: 1.78
	pandas version: 0.25.3
	numpy version: 1.17.0
	IPython version: 7.19.0
	jupyter version: 1.0.0
	matplotlib version: 3.3.2
	plotnine version: 0.7.1
	natsort version: 7.0.1
	pystan version: 2.19.1.1
	scipy version: 1.5.4
	seaborn version: 0.11.0
	phydmslib version: 2.3.8
	statsmodels version: 0.12.1
	rpy2 cannot be imported
	regex version: 2.5.89
	umi_tools version: 1.1.0

2023-05-26 19:10:12,397 - INFO - Parsed the following arguments:
	outdir = ./results/fracsurviving
	ncpus = 1
	use_existing = yes
	indir = adingens_analysis/results/renumberedcounts
	chartype = codon_to_aa
	aboveavg = no
	excludestop = yes
	pseudocount = 5.0
	mincount = 0
	name = IDC0337-6000ug-rep1v2b
	sel = mtvir-rep1v2b-IDC0337-6000ug
	mock = mtvir-rep1v2b
	libfracsurvive = 0.059009668
	err = wt-DNA-rep1

2023-05-26 19:10:12,399 - INFO - Reading selected sample counts from mtvir-rep1v2b-IDC0337-6000ug
2023-05-26 19:10:12,411 - INFO - Reading mock-selected sample counts from mtvir-rep1v2b
2023-05-26 19:10:12,420 - INFO - Reading error-control sample counts from wt-DNA-rep1
2023-05-26 19:10:12,427 - INFO - Computing fracsurvive for each mutation...
2023-05-26 19:10:17,943 - INFO - Mutations with largest mutfracsurvive:
site wildtype mutation  mutfracsurvive
 324        G        S            0.45
 322        D        V            0.41
 129        L        I            0.38
 323        I        P            0.37
 321        G        F            0.35
 325        D        W            0.27
  40        Y        A            0.26
 332        N        L            0.25
 327        R        Q            0.25
 322        D        K            0.25

2023-05-26 19:10:17,943 - INFO - Writing to ./results/fracsurviving/IDC0337-6000ug-rep1v2b_mutfracsurvive.csv
2023-05-26 19:10:17,975 - INFO - Computing sitefracsurvive...
2023-05-26 19:10:17,988 - INFO - Sites with largest avgfracsurvive:
site  avgfracsurvive  maxfracsurvive
 322            0.14            0.41
 325            0.13            0.27
 324            0.11            0.45
 320            0.10            0.20
 332            0.10            0.25
 323            0.10            0.37
 327            0.09            0.25
 589            0.09            0.24
 440            0.08            0.15
  89            0.08            0.12

2023-05-26 19:10:17,988 - INFO - Writing to ./results/fracsurviving/IDC0337-6000ug-rep1v2b_sitefracsurvive.csv
2023-05-26 19:10:17,993 - INFO - Successful completion of dms2_fracsurvive
