2023-05-26 19:10:21,588 - INFO - Beginning execution of dms2_fracsurvive in directory /fh/fast/bloom_j/computational_notebooks/ceradfor/2023/HIV_Broad_Human_Sera_MAP

2023-05-26 19:10:21,588 - INFO - Progress is being logged to ./results/fracsurviving/QA013-2282dpi-d10-rep1v2a.log
2023-05-26 19:10:21,590 - INFO - Version information:
	Time and date: Fri May 26 19:10:21 2023
	Platform: Linux-4.15.0-192-generic-x86_64-with-debian-buster-sid
	Python version: 3.7.8 | packaged by conda-forge | (default, Jul 31 2020, 02:25:08)  [GCC 7.5.0]
	dms_tools2 version: 2.6.7
	Bio version: 1.78
	pandas version: 0.25.3
	numpy version: 1.17.0
	IPython version: 7.19.0
	jupyter version: 1.0.0
	matplotlib version: 3.3.2
	plotnine version: 0.7.1
	natsort version: 7.0.1
	pystan version: 2.19.1.1
	scipy version: 1.5.4
	seaborn version: 0.11.0
	phydmslib version: 2.3.8
	statsmodels version: 0.12.1
	rpy2 cannot be imported
	regex version: 2.5.89
	umi_tools version: 1.1.0

2023-05-26 19:10:21,590 - INFO - Parsed the following arguments:
	outdir = ./results/fracsurviving
	ncpus = 1
	use_existing = yes
	indir = adingens_analysis/results/renumberedcounts
	chartype = codon_to_aa
	aboveavg = no
	excludestop = yes
	pseudocount = 5.0
	mincount = 0
	name = QA013-2282dpi-d10-rep1v2a
	sel = mtvir-rep1v2a-QA013-2282dpi-d10
	mock = mtvir-rep1v2a
	libfracsurvive = 0.00031665400000000003
	err = wt-DNA-rep1

2023-05-26 19:10:21,592 - INFO - Reading selected sample counts from mtvir-rep1v2a-QA013-2282dpi-d10
2023-05-26 19:10:21,606 - INFO - Reading mock-selected sample counts from mtvir-rep1v2a
2023-05-26 19:10:21,614 - INFO - Reading error-control sample counts from wt-DNA-rep1
2023-05-26 19:10:21,620 - INFO - Computing fracsurvive for each mutation...
2023-05-26 19:10:26,959 - INFO - Mutations with largest mutfracsurvive:
site wildtype mutation  mutfracsurvive
 339        N        S            0.01
 351        K        P            0.01
 378        C        F            0.01
 380        G        Q            0.01
 376        F        R            0.01
 402        V        C            0.01
  36        V        G            0.01
 112        W        P            0.01
 184        I        N            0.01
 303        T        C            0.01

2023-05-26 19:10:26,959 - INFO - Writing to ./results/fracsurviving/QA013-2282dpi-d10-rep1v2a_mutfracsurvive.csv
2023-05-26 19:10:26,991 - INFO - Computing sitefracsurvive...
2023-05-26 19:10:27,003 - INFO - Sites with largest avgfracsurvive:
site  avgfracsurvive  maxfracsurvive
 184            0.00            0.01
 164            0.00            0.00
 102            0.00            0.01
  36            0.00            0.01
 325            0.00            0.00
 351            0.00            0.01
 601            0.00            0.01
 402            0.00            0.01
 320            0.00            0.00
 440            0.00            0.00

2023-05-26 19:10:27,003 - INFO - Writing to ./results/fracsurviving/QA013-2282dpi-d10-rep1v2a_sitefracsurvive.csv
2023-05-26 19:10:27,010 - INFO - Successful completion of dms2_fracsurvive
