2020-03-03 17:24:22,132 - INFO - Beginning execution of dms2_fracsurvive in directory /fh/fast/bloom_j/computational_notebooks/adingens/2020/BroadHumanSera_MAP

2020-03-03 17:24:22,132 - INFO - Progress is being logged to ./results/fracsurvive/QA013-2-4ug-rep3.log
2020-03-03 17:24:22,175 - INFO - Version information:
	Time and date: Tue Mar  3 17:24:22 2020
	Platform: Linux-3.13.0-143-generic-x86_64-with-debian-jessie-sid
	Python version: 3.6.7 | packaged by conda-forge | (default, Jul  2 2019, 02:18:42)  [GCC 7.3.0]
	dms_tools2 version: 2.6.5
	Bio version: 1.74
	pandas version: 0.25.3
	numpy version: 1.17.2
	IPython version: 7.12.0
	jupyter version unknown
	matplotlib version: 3.1.2
	plotnine version: 0.6.0
	natsort version: 6.0.0
	pystan version: 2.19.0.0
	scipy version: 1.3.1
	seaborn version: 0.9.0
	phydmslib version: 2.3.8
	statsmodels version: 0.10.1
	rpy2 version: 3.1.0
	regex version: 2.5.64
	umi_tools version: 1.0.0

2020-03-03 17:24:22,175 - INFO - Parsed the following arguments:
	outdir = ./results/fracsurvive
	ncpus = 1
	use_existing = yes
	indir = ./results/renumberedcounts
	chartype = codon_to_aa
	aboveavg = no
	excludestop = yes
	pseudocount = 5.0
	mincount = 0
	name = QA013-2-4ug-rep3
	sel = mtvir-rep3-QA013-2-4ug
	mock = mtvir-rep3
	libfracsurvive = 0.001661
	err = wt-DNA-rep3

2020-03-03 17:24:22,180 - INFO - Reading selected sample counts from mtvir-rep3-QA013-2-4ug
2020-03-03 17:24:22,216 - INFO - Reading mock-selected sample counts from mtvir-rep3
2020-03-03 17:24:22,242 - INFO - Reading error-control sample counts from wt-DNA-rep3
2020-03-03 17:24:22,270 - INFO - Computing fracsurvive for each mutation...
2020-03-03 17:24:34,090 - INFO - Mutations with largest mutfracsurvive:
site wildtype mutation  mutfracsurvive
 332        N        D            0.24
 325        D        G            0.21
 325        D        K            0.21
 327        R        A            0.20
 332        N        A            0.19
 334        S        I            0.17
 330        H        V            0.17
 334        S        V            0.16
 334        S        Y            0.15
 334        S        H            0.15

2020-03-03 17:24:34,090 - INFO - Writing to ./results/fracsurvive/QA013-2-4ug-rep3_mutfracsurvive.csv
2020-03-03 17:24:34,137 - INFO - Computing sitefracsurvive...
2020-03-03 17:24:34,165 - INFO - Sites with largest avgfracsurvive:
site  avgfracsurvive  maxfracsurvive
 334            0.10            0.17
 332            0.09            0.24
 325            0.08            0.21
 327            0.05            0.20
 330            0.04            0.17
 303            0.04            0.14
 301            0.02            0.08
 324            0.01            0.08
 151            0.01            0.04
 326            0.01            0.15

2020-03-03 17:24:34,165 - INFO - Writing to ./results/fracsurvive/QA013-2-4ug-rep3_sitefracsurvive.csv
2020-03-03 17:24:34,175 - INFO - Successful completion of dms2_fracsurvive
