2020-03-03 17:32:16,270 - INFO - Beginning execution of dms2_fracsurvive in directory /fh/fast/bloom_j/computational_notebooks/adingens/2020/BroadHumanSera_MAP

2020-03-03 17:32:16,270 - INFO - Progress is being logged to ./results/fracsurviveaboveavg/118-8ug-rep2d.log
2020-03-03 17:32:16,368 - INFO - Version information:
	Time and date: Tue Mar  3 17:32:16 2020
	Platform: Linux-3.13.0-143-generic-x86_64-with-debian-jessie-sid
	Python version: 3.6.7 | packaged by conda-forge | (default, Jul  2 2019, 02:18:42)  [GCC 7.3.0]
	dms_tools2 version: 2.6.5
	Bio version: 1.74
	pandas version: 0.25.3
	numpy version: 1.17.2
	IPython version: 7.12.0
	jupyter version unknown
	matplotlib version: 3.1.2
	plotnine version: 0.6.0
	natsort version: 6.0.0
	pystan version: 2.19.0.0
	scipy version: 1.3.1
	seaborn version: 0.9.0
	phydmslib version: 2.3.8
	statsmodels version: 0.10.1
	rpy2 version: 3.1.0
	regex version: 2.5.64
	umi_tools version: 1.0.0

2020-03-03 17:32:16,368 - INFO - Parsed the following arguments:
	outdir = ./results/fracsurviveaboveavg
	ncpus = 1
	use_existing = yes
	indir = ./results/renumberedcounts
	chartype = codon_to_aa
	aboveavg = yes
	excludestop = yes
	pseudocount = 5.0
	mincount = 0
	name = 118-8ug-rep2d
	sel = mtvir-rep2d-118-8ug
	mock = mtvir-rep2d
	libfracsurvive = 0.000167766
	err = wt-DNA-rep2

2020-03-03 17:32:16,385 - INFO - Reading selected sample counts from mtvir-rep2d-118-8ug
2020-03-03 17:32:16,417 - INFO - Reading mock-selected sample counts from mtvir-rep2d
2020-03-03 17:32:16,445 - INFO - Reading error-control sample counts from wt-DNA-rep2
2020-03-03 17:32:16,472 - INFO - Computing fracsurvive for each mutation...
2020-03-03 17:32:16,472 - INFO - These are the fracsurvive **above** the library average of 0.000167766
2020-03-03 17:32:26,605 - INFO - Mutations with largest mutfracsurvive:
site wildtype mutation  mutfracsurvive
 558        A        D            0.01
 316        A        D            0.01
 206        P        I            0.00
 304        R        G            0.00
 202        T        S            0.00
 318        Y        E            0.00
 304        R        E            0.00
 107        D        S            0.00
 375        S        W            0.00
 318        Y        C            0.00

2020-03-03 17:32:26,606 - INFO - Writing to ./results/fracsurviveaboveavg/118-8ug-rep2d_mutfracsurvive.csv
2020-03-03 17:32:26,669 - INFO - Computing sitefracsurvive...
2020-03-03 17:32:26,695 - INFO - Sites with largest avgfracsurvive:
site  avgfracsurvive  maxfracsurvive
 304            0.00            0.00
 119            0.00            0.00
 318            0.00            0.00
 206            0.00            0.00
 316            0.00            0.01
 207            0.00            0.00
 121            0.00            0.00
 558            0.00            0.01
 152            0.00            0.00
 202            0.00            0.00

2020-03-03 17:32:26,695 - INFO - Writing to ./results/fracsurviveaboveavg/118-8ug-rep2d_sitefracsurvive.csv
2020-03-03 17:32:26,701 - INFO - Successful completion of dms2_fracsurvive
