2020-03-03 17:32:20,493 - INFO - Beginning execution of dms2_fracsurvive in directory /fh/fast/bloom_j/computational_notebooks/adingens/2020/BroadHumanSera_MAP

2020-03-03 17:32:20,493 - INFO - Progress is being logged to ./results/fracsurviveaboveavg/IDC561-3000ug-rep1v2a.log
2020-03-03 17:32:20,529 - INFO - Version information:
	Time and date: Tue Mar  3 17:32:20 2020
	Platform: Linux-3.13.0-143-generic-x86_64-with-debian-jessie-sid
	Python version: 3.6.7 | packaged by conda-forge | (default, Jul  2 2019, 02:18:42)  [GCC 7.3.0]
	dms_tools2 version: 2.6.5
	Bio version: 1.74
	pandas version: 0.25.3
	numpy version: 1.17.2
	IPython version: 7.12.0
	jupyter version unknown
	matplotlib version: 3.1.2
	plotnine version: 0.6.0
	natsort version: 6.0.0
	pystan version: 2.19.0.0
	scipy version: 1.3.1
	seaborn version: 0.9.0
	phydmslib version: 2.3.8
	statsmodels version: 0.10.1
	rpy2 version: 3.1.0
	regex version: 2.5.64
	umi_tools version: 1.0.0

2020-03-03 17:32:20,530 - INFO - Parsed the following arguments:
	outdir = ./results/fracsurviveaboveavg
	ncpus = 1
	use_existing = yes
	indir = ./results/renumberedcounts
	chartype = codon_to_aa
	aboveavg = yes
	excludestop = yes
	pseudocount = 5.0
	mincount = 0
	name = IDC561-3000ug-rep1v2a
	sel = mtvir-rep1v2a-561-IgG-3000ug
	mock = mtvir-rep1v2a
	libfracsurvive = 0.002478397
	err = wt-DNA-rep1

2020-03-03 17:32:20,538 - INFO - Reading selected sample counts from mtvir-rep1v2a-561-IgG-3000ug
2020-03-03 17:32:20,564 - INFO - Reading mock-selected sample counts from mtvir-rep1v2a
2020-03-03 17:32:20,582 - INFO - Reading error-control sample counts from wt-DNA-rep1
2020-03-03 17:32:20,603 - INFO - Computing fracsurvive for each mutation...
2020-03-03 17:32:20,603 - INFO - These are the fracsurvive **above** the library average of 0.002478397
2020-03-03 17:32:30,852 - INFO - Mutations with largest mutfracsurvive:
 site wildtype mutation  mutfracsurvive
  361        F        Y            0.02
  119        C        T            0.02
  197        N        S            0.01
  370        E        R            0.01
  334        S        W            0.01
 184e        G        D            0.01
   33        N        Q            0.01
   43        P        H            0.01
   39        Y        T            0.01
   39        Y        S            0.01

2020-03-03 17:32:30,853 - INFO - Writing to ./results/fracsurviveaboveavg/IDC561-3000ug-rep1v2a_mutfracsurvive.csv
2020-03-03 17:32:30,891 - INFO - Computing sitefracsurvive...
2020-03-03 17:32:30,917 - INFO - Sites with largest avgfracsurvive:
site  avgfracsurvive  maxfracsurvive
 119            0.00            0.02
 334            0.00            0.01
 122            0.00            0.01
 352            0.00            0.01
  65            0.00            0.01
  39            0.00            0.01
 304            0.00            0.01
  33            0.00            0.01
 120            0.00            0.01
 114            0.00            0.01

2020-03-03 17:32:30,917 - INFO - Writing to ./results/fracsurviveaboveavg/IDC561-3000ug-rep1v2a_sitefracsurvive.csv
2020-03-03 17:32:30,925 - INFO - Successful completion of dms2_fracsurvive
