2020-03-03 17:32:20,389 - INFO - Beginning execution of dms2_fracsurvive in directory /fh/fast/bloom_j/computational_notebooks/adingens/2020/BroadHumanSera_MAP

2020-03-03 17:32:20,389 - INFO - Progress is being logged to ./results/fracsurviveaboveavg/IDC561-2800ug-rep1v2b.log
2020-03-03 17:32:20,437 - INFO - Version information:
	Time and date: Tue Mar  3 17:32:20 2020
	Platform: Linux-3.13.0-143-generic-x86_64-with-debian-jessie-sid
	Python version: 3.6.7 | packaged by conda-forge | (default, Jul  2 2019, 02:18:42)  [GCC 7.3.0]
	dms_tools2 version: 2.6.5
	Bio version: 1.74
	pandas version: 0.25.3
	numpy version: 1.17.2
	IPython version: 7.12.0
	jupyter version unknown
	matplotlib version: 3.1.2
	plotnine version: 0.6.0
	natsort version: 6.0.0
	pystan version: 2.19.0.0
	scipy version: 1.3.1
	seaborn version: 0.9.0
	phydmslib version: 2.3.8
	statsmodels version: 0.10.1
	rpy2 version: 3.1.0
	regex version: 2.5.64
	umi_tools version: 1.0.0

2020-03-03 17:32:20,437 - INFO - Parsed the following arguments:
	outdir = ./results/fracsurviveaboveavg
	ncpus = 1
	use_existing = yes
	indir = ./results/renumberedcounts
	chartype = codon_to_aa
	aboveavg = yes
	excludestop = yes
	pseudocount = 5.0
	mincount = 0
	name = IDC561-2800ug-rep1v2b
	sel = mtvir-rep1v2b-561-IgG-2800ug
	mock = mtvir-rep1v2b
	libfracsurvive = 0.007366521
	err = wt-DNA-rep1

2020-03-03 17:32:20,443 - INFO - Reading selected sample counts from mtvir-rep1v2b-561-IgG-2800ug
2020-03-03 17:32:20,472 - INFO - Reading mock-selected sample counts from mtvir-rep1v2b
2020-03-03 17:32:20,495 - INFO - Reading error-control sample counts from wt-DNA-rep1
2020-03-03 17:32:20,524 - INFO - Computing fracsurvive for each mutation...
2020-03-03 17:32:20,524 - INFO - These are the fracsurvive **above** the library average of 0.007366521
2020-03-03 17:32:33,423 - INFO - Mutations with largest mutfracsurvive:
 site wildtype mutation  mutfracsurvive
   90        T        H            0.08
  207        K        M            0.06
  331        C        L            0.06
  219        A        N            0.05
  521        G        W            0.05
  387        T        F            0.05
  549        V        L            0.05
  175        L        E            0.05
 184d        Q        T            0.05
 184e        G        T            0.05

2020-03-03 17:32:33,423 - INFO - Writing to ./results/fracsurviveaboveavg/IDC561-2800ug-rep1v2b_mutfracsurvive.csv
2020-03-03 17:32:33,461 - INFO - Computing sitefracsurvive...
2020-03-03 17:32:33,482 - INFO - Sites with largest avgfracsurvive:
 site  avgfracsurvive  maxfracsurvive
  207            0.01            0.06
   90            0.01            0.08
  304            0.01            0.04
 184g            0.01            0.03
  119            0.01            0.03
  209            0.01            0.04
 184d            0.01            0.05
  136            0.01            0.03
   52            0.01            0.03
  134            0.01            0.03

2020-03-03 17:32:33,482 - INFO - Writing to ./results/fracsurviveaboveavg/IDC561-2800ug-rep1v2b_sitefracsurvive.csv
2020-03-03 17:32:33,489 - INFO - Successful completion of dms2_fracsurvive
