2020-03-03 17:32:19,928 - INFO - Beginning execution of dms2_fracsurvive in directory /fh/fast/bloom_j/computational_notebooks/adingens/2020/BroadHumanSera_MAP

2020-03-03 17:32:19,928 - INFO - Progress is being logged to ./results/fracsurviveaboveavg/QA013-2282dpi-d10-rep1v2a.log
2020-03-03 17:32:19,973 - INFO - Version information:
	Time and date: Tue Mar  3 17:32:19 2020
	Platform: Linux-3.13.0-143-generic-x86_64-with-debian-jessie-sid
	Python version: 3.6.7 | packaged by conda-forge | (default, Jul  2 2019, 02:18:42)  [GCC 7.3.0]
	dms_tools2 version: 2.6.5
	Bio version: 1.74
	pandas version: 0.25.3
	numpy version: 1.17.2
	IPython version: 7.12.0
	jupyter version unknown
	matplotlib version: 3.1.2
	plotnine version: 0.6.0
	natsort version: 6.0.0
	pystan version: 2.19.0.0
	scipy version: 1.3.1
	seaborn version: 0.9.0
	phydmslib version: 2.3.8
	statsmodels version: 0.10.1
	rpy2 version: 3.1.0
	regex version: 2.5.64
	umi_tools version: 1.0.0

2020-03-03 17:32:19,973 - INFO - Parsed the following arguments:
	outdir = ./results/fracsurviveaboveavg
	ncpus = 1
	use_existing = yes
	indir = ./results/renumberedcounts
	chartype = codon_to_aa
	aboveavg = yes
	excludestop = yes
	pseudocount = 5.0
	mincount = 0
	name = QA013-2282dpi-d10-rep1v2a
	sel = mtvir-rep1v2a-QA013-2282dpi-d10
	mock = mtvir-rep1v2a
	libfracsurvive = 0.00031665400000000003
	err = wt-DNA-rep1

2020-03-03 17:32:19,982 - INFO - Reading selected sample counts from mtvir-rep1v2a-QA013-2282dpi-d10
2020-03-03 17:32:20,009 - INFO - Reading mock-selected sample counts from mtvir-rep1v2a
2020-03-03 17:32:20,028 - INFO - Reading error-control sample counts from wt-DNA-rep1
2020-03-03 17:32:20,045 - INFO - Computing fracsurvive for each mutation...
2020-03-03 17:32:20,045 - INFO - These are the fracsurvive **above** the library average of 0.00031665400000000003
2020-03-03 17:32:32,130 - INFO - Mutations with largest mutfracsurvive:
site wildtype mutation  mutfracsurvive
 339        N        S            0.01
 351        K        P            0.01
 378        C        F            0.01
 380        G        Q            0.01
 376        F        R            0.01
 402        V        C            0.01
  36        V        G            0.01
 112        W        P            0.01
 184        I        N            0.01
 303        T        C            0.01

2020-03-03 17:32:32,130 - INFO - Writing to ./results/fracsurviveaboveavg/QA013-2282dpi-d10-rep1v2a_mutfracsurvive.csv
2020-03-03 17:32:32,176 - INFO - Computing sitefracsurvive...
2020-03-03 17:32:32,200 - INFO - Sites with largest avgfracsurvive:
site  avgfracsurvive  maxfracsurvive
 184            0.00            0.01
 102            0.00            0.01
 164            0.00            0.00
 351            0.00            0.01
 325            0.00            0.00
 402            0.00            0.01
  36            0.00            0.01
 601            0.00            0.01
 320            0.00            0.00
 332            0.00            0.00

2020-03-03 17:32:32,200 - INFO - Writing to ./results/fracsurviveaboveavg/QA013-2282dpi-d10-rep1v2a_sitefracsurvive.csv
2020-03-03 17:32:32,207 - INFO - Successful completion of dms2_fracsurvive
