2023-05-26 19:13:20,262 - INFO - Beginning execution of dms2_fracsurvive in directory /fh/fast/bloom_j/computational_notebooks/ceradfor/2023/HIV_Broad_Human_Sera_MAP

2023-05-26 19:13:20,262 - INFO - Progress is being logged to ./results/fracsurvivingaboveaverage/118-4ug-rep2d.log
2023-05-26 19:13:20,264 - INFO - Version information:
	Time and date: Fri May 26 19:13:20 2023
	Platform: Linux-4.15.0-192-generic-x86_64-with-debian-buster-sid
	Python version: 3.7.8 | packaged by conda-forge | (default, Jul 31 2020, 02:25:08)  [GCC 7.5.0]
	dms_tools2 version: 2.6.7
	Bio version: 1.78
	pandas version: 0.25.3
	numpy version: 1.17.0
	IPython version: 7.19.0
	jupyter version: 1.0.0
	matplotlib version: 3.3.2
	plotnine version: 0.7.1
	natsort version: 7.0.1
	pystan version: 2.19.1.1
	scipy version: 1.5.4
	seaborn version: 0.11.0
	phydmslib version: 2.3.8
	statsmodels version: 0.12.1
	rpy2 cannot be imported
	regex version: 2.5.89
	umi_tools version: 1.1.0

2023-05-26 19:13:20,265 - INFO - Parsed the following arguments:
	outdir = ./results/fracsurvivingaboveaverage
	ncpus = 1
	use_existing = yes
	indir = adingens_analysis/results/renumberedcounts
	chartype = codon_to_aa
	aboveavg = yes
	excludestop = yes
	pseudocount = 5.0
	mincount = 0
	name = 118-4ug-rep2d
	sel = mtvir-rep2d-118-4ug
	mock = mtvir-rep2d
	libfracsurvive = 0.005177235
	err = wt-DNA-rep2

2023-05-26 19:13:20,266 - INFO - Reading selected sample counts from mtvir-rep2d-118-4ug
2023-05-26 19:13:20,275 - INFO - Reading mock-selected sample counts from mtvir-rep2d
2023-05-26 19:13:20,283 - INFO - Reading error-control sample counts from wt-DNA-rep2
2023-05-26 19:13:20,291 - INFO - Computing fracsurvive for each mutation...
2023-05-26 19:13:20,291 - INFO - These are the fracsurvive **above** the library average of 0.005177235
2023-05-26 19:13:25,791 - INFO - Mutations with largest mutfracsurvive:
site wildtype mutation  mutfracsurvive
 316        A        D            0.04
 120        V        R            0.04
 119        C        M            0.03
 304        R        L            0.03
 304        R        W            0.03
 620        S        T            0.03
 304        R        G            0.03
 197        N        S            0.02
 657        E        D            0.02
 304        R        C            0.02

2023-05-26 19:13:25,791 - INFO - Writing to ./results/fracsurvivingaboveaverage/118-4ug-rep2d_mutfracsurvive.csv
2023-05-26 19:13:25,819 - INFO - Computing sitefracsurvive...
2023-05-26 19:13:25,833 - INFO - Sites with largest avgfracsurvive:
site  avgfracsurvive  maxfracsurvive
 304            0.01            0.03
 207            0.01            0.02
 119            0.01            0.03
 316            0.00            0.04
 326            0.00            0.02
 121            0.00            0.02
 318            0.00            0.02
 120            0.00            0.04
 542            0.00            0.01
 297            0.00            0.02

2023-05-26 19:13:25,833 - INFO - Writing to ./results/fracsurvivingaboveaverage/118-4ug-rep2d_sitefracsurvive.csv
2023-05-26 19:13:25,839 - INFO - Successful completion of dms2_fracsurvive
