2023-05-26 19:13:20,665 - INFO - Beginning execution of dms2_fracsurvive in directory /fh/fast/bloom_j/computational_notebooks/ceradfor/2023/HIV_Broad_Human_Sera_MAP

2023-05-26 19:13:20,665 - INFO - Progress is being logged to ./results/fracsurvivingaboveaverage/IDC561-2500ug-rep3e.log
2023-05-26 19:13:20,671 - INFO - Version information:
	Time and date: Fri May 26 19:13:20 2023
	Platform: Linux-4.15.0-192-generic-x86_64-with-debian-buster-sid
	Python version: 3.7.8 | packaged by conda-forge | (default, Jul 31 2020, 02:25:08)  [GCC 7.5.0]
	dms_tools2 version: 2.6.7
	Bio version: 1.78
	pandas version: 0.25.3
	numpy version: 1.17.0
	IPython version: 7.19.0
	jupyter version: 1.0.0
	matplotlib version: 3.3.2
	plotnine version: 0.7.1
	natsort version: 7.0.1
	pystan version: 2.19.1.1
	scipy version: 1.5.4
	seaborn version: 0.11.0
	phydmslib version: 2.3.8
	statsmodels version: 0.12.1
	rpy2 cannot be imported
	regex version: 2.5.89
	umi_tools version: 1.1.0

2023-05-26 19:13:20,672 - INFO - Parsed the following arguments:
	outdir = ./results/fracsurvivingaboveaverage
	ncpus = 1
	use_existing = yes
	indir = adingens_analysis/results/renumberedcounts
	chartype = codon_to_aa
	aboveavg = yes
	excludestop = yes
	pseudocount = 5.0
	mincount = 0
	name = IDC561-2500ug-rep3e
	sel = mtvir-rep3e-561-IgG-2500ug
	mock = mtvir-rep3e
	libfracsurvive = 0.023229919
	err = wt-DNA-rep3

2023-05-26 19:13:20,675 - INFO - Reading selected sample counts from mtvir-rep3e-561-IgG-2500ug
2023-05-26 19:13:20,685 - INFO - Reading mock-selected sample counts from mtvir-rep3e
2023-05-26 19:13:20,693 - INFO - Reading error-control sample counts from wt-DNA-rep3
2023-05-26 19:13:20,700 - INFO - Computing fracsurvive for each mutation...
2023-05-26 19:13:20,700 - INFO - These are the fracsurvive **above** the library average of 0.023229919
2023-05-26 19:13:26,198 - INFO - Mutations with largest mutfracsurvive:
site wildtype mutation  mutfracsurvive
  95        M        G            0.14
  86        L        R            0.11
 304        R        C            0.11
 244        T        F            0.11
 436        A        L            0.11
 436        A        Q            0.11
 198        T        N            0.10
 312        G        V            0.10
 335        K        C            0.10
  43        P        H            0.10

2023-05-26 19:13:26,201 - INFO - Writing to ./results/fracsurvivingaboveaverage/IDC561-2500ug-rep3e_mutfracsurvive.csv
2023-05-26 19:13:26,229 - INFO - Computing sitefracsurvive...
2023-05-26 19:13:26,243 - INFO - Sites with largest avgfracsurvive:
site  avgfracsurvive  maxfracsurvive
 304            0.02            0.11
 273            0.02            0.05
  95            0.02            0.14
 373            0.01            0.06
 436            0.01            0.11
 629            0.01            0.04
  98            0.01            0.08
 136            0.01            0.06
 114            0.01            0.07
 305            0.01            0.08

2023-05-26 19:13:26,243 - INFO - Writing to ./results/fracsurvivingaboveaverage/IDC561-2500ug-rep3e_sitefracsurvive.csv
2023-05-26 19:13:26,255 - INFO - Successful completion of dms2_fracsurvive
