2023-05-26 19:13:20,732 - INFO - Beginning execution of dms2_fracsurvive in directory /fh/fast/bloom_j/computational_notebooks/ceradfor/2023/HIV_Broad_Human_Sera_MAP

2023-05-26 19:13:20,733 - INFO - Progress is being logged to ./results/fracsurvivingaboveaverage/IDF147-5300ug-rep3v2a.log
2023-05-26 19:13:20,735 - INFO - Version information:
	Time and date: Fri May 26 19:13:20 2023
	Platform: Linux-4.15.0-192-generic-x86_64-with-debian-buster-sid
	Python version: 3.7.8 | packaged by conda-forge | (default, Jul 31 2020, 02:25:08)  [GCC 7.5.0]
	dms_tools2 version: 2.6.7
	Bio version: 1.78
	pandas version: 0.25.3
	numpy version: 1.17.0
	IPython version: 7.19.0
	jupyter version: 1.0.0
	matplotlib version: 3.3.2
	plotnine version: 0.7.1
	natsort version: 7.0.1
	pystan version: 2.19.1.1
	scipy version: 1.5.4
	seaborn version: 0.11.0
	phydmslib version: 2.3.8
	statsmodels version: 0.12.1
	rpy2 cannot be imported
	regex version: 2.5.89
	umi_tools version: 1.1.0

2023-05-26 19:13:20,735 - INFO - Parsed the following arguments:
	outdir = ./results/fracsurvivingaboveaverage
	ncpus = 1
	use_existing = yes
	indir = adingens_analysis/results/renumberedcounts
	chartype = codon_to_aa
	aboveavg = yes
	excludestop = yes
	pseudocount = 5.0
	mincount = 0
	name = IDF147-5300ug-rep3v2a
	sel = mtvir-rep3v2a-IDF147-5300ug
	mock = mtvir-rep3v2a
	libfracsurvive = 0.0044904440000000006
	err = wt-DNA-rep3

2023-05-26 19:13:20,737 - INFO - Reading selected sample counts from mtvir-rep3v2a-IDF147-5300ug
2023-05-26 19:13:20,747 - INFO - Reading mock-selected sample counts from mtvir-rep3v2a
2023-05-26 19:13:20,755 - INFO - Reading error-control sample counts from wt-DNA-rep3
2023-05-26 19:13:20,762 - INFO - Computing fracsurvive for each mutation...
2023-05-26 19:13:20,763 - INFO - These are the fracsurvive **above** the library average of 0.0044904440000000006
2023-05-26 19:13:26,313 - INFO - Mutations with largest mutfracsurvive:
 site wildtype mutation  mutfracsurvive
  104        M        A            0.11
  160        N        V            0.11
  166        R        G            0.10
  111        L        F            0.10
  103        Q        D            0.10
   45        W        L            0.09
   40        Y        K            0.09
   31        A        Y            0.09
 322a        I        S            0.08
  169        K        N            0.08

2023-05-26 19:13:26,314 - INFO - Writing to ./results/fracsurvivingaboveaverage/IDF147-5300ug-rep3v2a_mutfracsurvive.csv
2023-05-26 19:13:26,338 - INFO - Computing sitefracsurvive...
2023-05-26 19:13:26,351 - INFO - Sites with largest avgfracsurvive:
 site  avgfracsurvive  maxfracsurvive
  169            0.02            0.08
  166            0.02            0.10
  124            0.01            0.04
  111            0.01            0.10
  121            0.01            0.05
  104            0.01            0.11
 322a            0.01            0.08
  103            0.01            0.10
  106            0.01            0.07
  160            0.01            0.11

2023-05-26 19:13:26,352 - INFO - Writing to ./results/fracsurvivingaboveaverage/IDF147-5300ug-rep3v2a_sitefracsurvive.csv
2023-05-26 19:13:26,356 - INFO - Successful completion of dms2_fracsurvive
